#
# A fatal error has been detected by the Java Runtime Environment:
#
#  EXCEPTION_ACCESS_VIOLATION (0xc0000005) at pc=0x0000000010014ed4, pid=1056, tid=0x0000000000009ee4
#
# JRE version: Java(TM) SE Runtime Environment (8.0_261-b12) (build 1.8.0_261-b12)
# Java VM: Java HotSpot(TM) 64-Bit Server VM (25.261-b12 mixed mode windows-amd64 compressed oops)
# Problematic frame:
# C  [sigar-amd64-winnt.dll+0x14ed4]
#
# Failed to write core dump. Minidumps are not enabled by default on client versions of Windows
#
# If you would like to submit a bug report, please visit:
#   http://bugreport.java.com/bugreport/crash.jsp
# The crash happened outside the Java Virtual Machine in native code.
# See problematic frame for where to report the bug.
#

---------------  T H R E A D  ---------------

Current thread (0x000001b857527800):  JavaThread "main" [_thread_in_native, id=40676, stack(0x000000579d500000,0x000000579d600000)]

siginfo: ExceptionCode=0xc0000005, reading address 0x0000000071271d98

Registers:
RAX=0x0000000071271c60, RBX=0x000001b8713b3578, RCX=0x000001b8575279f8, RDX=0x000000579d5fe728
RSP=0x000000579d5fe550, RBP=0x000000579d5fe708, RSI=0x000001b86e290480, RDI=0x0000000000129420
R8 =0x0000000000000032, R9 =0x000000008a52c630, R10=0x000000000000001a, R11=0x000000006d306a1c
R12=0x0000000000000000, R13=0x000001b8713b3570, R14=0x000000579d5fe728, R15=0x000001b857527800
RIP=0x0000000010014ed4, EFLAGS=0x0000000000010206

Top of Stack: (sp=0x000000579d5fe550)
0x000000579d5fe550:   000001b8575279f8 000000579d5fe728
0x000000579d5fe560:   000001b857527800 000001b8713b3570
0x000000579d5fe570:   0000000071271c60 000000579d5fe728
0x000000579d5fe580:   000000579d5fe708 0000000010021a81
0x000000579d5fe590:   000001b8575279f8 000000579d5fe728
0x000000579d5fe5a0:   000001b86e290480 0000000000129420
0x000000579d5fe5b0:   000001b857527800 0000000000000000
0x000000579d5fe5c0:   000001b857527800 000001b857527800
0x000000579d5fe5d0:   000001b86e1c3098 0000000000000000
0x000000579d5fe5e0:   000001b8713b3578 0000000000000000
0x000000579d5fe5f0:   000001b857527800 000000579d5fe728
0x000000579d5fe600:   000000579d5fe708 000000006cbf28eb
0x000000579d5fe610:   000000579d5fe640 0000000000000000
0x000000579d5fe620:   000001b8713b3578 000001b857527ca0
0x000000579d5fe630:   000001b8713b3578 000001b857527800
0x000000579d5fe640:   000001b8713b3578 000001b857527800 

Instructions: (pc=0x0000000010014ed4)
0x0000000010014eb4:   7c 24 20 00 75 15 48 8d 15 df 58 04 00 48 8b 4c
0x0000000010014ec4:   24 40 e8 45 00 00 00 33 c0 eb 32 48 8b 44 24 20
0x0000000010014ed4:   83 b8 38 01 00 00 00 74 1f 48 8b 44 24 20 44 8b
0x0000000010014ee4:   80 38 01 00 00 48 8b 54 24 20 48 8b 4c 24 40 e8 


Register to memory mapping:

RAX=0x0000000071271c60 is an unknown value
RBX={method} {0x000001b8713b3580} 'getFileSystemListNative' '()[Lorg/hyperic/sigar/FileSystem;' in 'org/hyperic/sigar/Sigar'
RCX=0x000001b8575279f8 is an unknown value
RDX=0x000000579d5fe728 is pointing into the stack for thread: 0x000001b857527800
RSP=0x000000579d5fe550 is pointing into the stack for thread: 0x000001b857527800
RBP=0x000000579d5fe708 is pointing into the stack for thread: 0x000001b857527800
RSI={method} {0x000001b86e290488} '<init>' '()V' in 'java/lang/Object'
RDI=0x0000000000129420 is an unknown value
R8 =0x0000000000000032 is an unknown value
R9 =
[error occurred during error reporting (printing register info), id 0xc0000005]

Stack: [0x000000579d500000,0x000000579d600000],  sp=0x000000579d5fe550,  free space=1017k
Native frames: (J=compiled Java code, j=interpreted, Vv=VM code, C=native code)
C  [sigar-amd64-winnt.dll+0x14ed4]
C  [sigar-amd64-winnt.dll+0x21a81]
C  0x000001b858fe9f4e

Java frames: (J=compiled Java code, j=interpreted, Vv=VM code)
j  org.hyperic.sigar.Sigar.getFileSystemListNative()[Lorg/hyperic/sigar/FileSystem;+0
j  org.hyperic.sigar.Sigar.getFileSystemList()[Lorg/hyperic/sigar/FileSystem;+1
j  org.hyperic.sigar.Sigar.getFileSystemMap()Lorg/hyperic/sigar/FileSystemMap;+19
j  org.apache.cassandra.utils.SigarLibrary.<init>()V+79
j  org.apache.cassandra.utils.SigarLibrary.<clinit>()V+4
v  ~StubRoutines::call_stub
j  org.apache.cassandra.service.StartupChecks$7.execute()V+0
j  org.apache.cassandra.service.StartupChecks.verify()V+30
j  org.apache.cassandra.service.CassandraDaemon.setup()V+41
j  org.apache.cassandra.service.CassandraDaemon.activate()V+46
j  org.apache.cassandra.service.CassandraDaemon.main([Ljava/lang/String;)V+3
v  ~StubRoutines::call_stub

---------------  P R O C E S S  ---------------

Java Threads: ( => current thread )
  0x000001b86fd74000 JavaThread "RMI TCP Accept-0" daemon [_thread_in_native, id=16008, stack(0x000000579ff00000,0x00000057a0000000)]
  0x000001b86fd72000 JavaThread "RMI TCP Accept-7199" daemon [_thread_in_native, id=49920, stack(0x000000579fe00000,0x000000579ff00000)]
  0x000001b86fa48000 JavaThread "ScheduledTasks:1" daemon [_thread_in_native, id=26236, stack(0x000000579fd00000,0x000000579fe00000)]
  0x000001b86f7e8000 JavaThread "AsyncAppender-Worker-ASYNCDEBUGLOG" daemon [_thread_blocked, id=50840, stack(0x000000579fc00000,0x000000579fd00000)]
  0x000001b86ed6a800 JavaThread "Service Thread" daemon [_thread_blocked, id=27316, stack(0x000000579fa00000,0x000000579fb00000)]
  0x000001b86ecc2000 JavaThread "C1 CompilerThread11" daemon [_thread_blocked, id=57800, stack(0x000000579f900000,0x000000579fa00000)]
  0x000001b86ecc0800 JavaThread "C1 CompilerThread10" daemon [_thread_blocked, id=31704, stack(0x000000579f800000,0x000000579f900000)]
  0x000001b86ecc3000 JavaThread "C1 CompilerThread9" daemon [_thread_blocked, id=27924, stack(0x000000579f700000,0x000000579f800000)]
  0x000001b86ecc0000 JavaThread "C1 CompilerThread8" daemon [_thread_blocked, id=35820, stack(0x000000579f600000,0x000000579f700000)]
  0x000001b86ecc6000 JavaThread "C2 CompilerThread7" daemon [_thread_blocked, id=17036, stack(0x000000579f500000,0x000000579f600000)]
  0x000001b86ecc1800 JavaThread "C2 CompilerThread6" daemon [_thread_blocked, id=27528, stack(0x000000579f400000,0x000000579f500000)]
  0x000001b86ecc6800 JavaThread "C2 CompilerThread5" daemon [_thread_blocked, id=57560, stack(0x000000579f300000,0x000000579f400000)]
  0x000001b86ecbf000 JavaThread "C2 CompilerThread4" daemon [_thread_blocked, id=53116, stack(0x000000579f200000,0x000000579f300000)]
  0x000001b86ecb9000 JavaThread "C2 CompilerThread3" daemon [_thread_blocked, id=41768, stack(0x000000579f100000,0x000000579f200000)]
  0x000001b86ecb8800 JavaThread "C2 CompilerThread2" daemon [_thread_blocked, id=42296, stack(0x000000579f000000,0x000000579f100000)]
  0x000001b86ec83000 JavaThread "C2 CompilerThread1" daemon [_thread_blocked, id=55144, stack(0x000000579ef00000,0x000000579f000000)]
  0x000001b86eca3800 JavaThread "C2 CompilerThread0" daemon [_thread_blocked, id=41356, stack(0x000000579ee00000,0x000000579ef00000)]
  0x000001b86e212800 JavaThread "Attach Listener" daemon [_thread_blocked, id=2052, stack(0x000000579ed00000,0x000000579ee00000)]
  0x000001b86e211000 JavaThread "Signal Dispatcher" daemon [_thread_blocked, id=10168, stack(0x000000579ec00000,0x000000579ed00000)]
  0x000001b86e210000 JavaThread "Surrogate Locker Thread (Concurrent GC)" daemon [_thread_blocked, id=12916, stack(0x000000579eb00000,0x000000579ec00000)]
  0x000001b86e1ea000 JavaThread "Finalizer" daemon [_thread_blocked, id=44380, stack(0x000000579ea00000,0x000000579eb00000)]
  0x000001b86e1e3800 JavaThread "Reference Handler" daemon [_thread_blocked, id=55976, stack(0x000000579e900000,0x000000579ea00000)]
=>0x000001b857527800 JavaThread "main" [_thread_in_native, id=40676, stack(0x000000579d500000,0x000000579d600000)]

Other Threads:
  0x000001b86e1bd800 VMThread [stack: 0x000000579e800000,0x000000579e900000] [id=46508]
  0x000001b86edde800 WatcherThread [stack: 0x000000579fb00000,0x000000579fc00000] [id=29120]

VM state:not at safepoint (normal execution)

VM Mutex/Monitor currently owned by a thread: None

heap address: 0x0000000080000000, size: 2048 MB, Compressed Oops mode: 32-bit
Narrow klass base: 0x0000000000000000, Narrow klass shift: 3
Compressed class space size: 1073741824 Address: 0x0000000100000000

Heap:
 par new generation   total 629120K, used 190151K [0x0000000080000000, 0x00000000aaaa0000, 0x00000000aaaa0000)
  eden space 559232K,  34% used [0x0000000080000000, 0x000000008b9b1c00, 0x00000000a2220000)
  from space 69888K,   0% used [0x00000000a2220000, 0x00000000a2220000, 0x00000000a6660000)
  to   space 69888K,   0% used [0x00000000a6660000, 0x00000000a6660000, 0x00000000aaaa0000)
 concurrent mark-sweep generation total 1398144K, used 0K [0x00000000aaaa0000, 0x0000000100000000, 0x0000000100000000)
 Metaspace       used 19975K, capacity 20286K, committed 20480K, reserved 1067008K
  class space    used 2367K, capacity 2471K, committed 2560K, reserved 1048576K

Card table byte_map: [0x000001b868390000,0x000001b8687a0000] byte_map_base: 0x000001b867f90000

Marking Bits: (CMSBitMap*) 0x000001b869890a38
 Bits: [0x000001b869950000, 0x000001b86aea5800)

Mod Union Table: (CMSBitMap*) 0x000001b869890af8
 Bits: [0x000001b857750000, 0x000001b8577a5560)

Polling page: 0x000001b857720000

CodeCache: size=245760Kb used=8011Kb max_used=8024Kb free=237748Kb
 bounds [0x000001b858fd0000, 0x000001b8597b0000, 0x000001b867fd0000]
 total_blobs=2232 nmethods=1811 adapters=330
 compilation: enabled

Compilation events (10 events):
Event: 1.343 Thread 0x000001b86ecc0000 1788       3       org.apache.cassandra.security.ThreadAwareSecurityManager::isSecuredThread (67 bytes)
Event: 1.343 Thread 0x000001b86ecc3000 nmethod 1783 0x000001b85977da10 code [0x000001b85977e3e0, 0x000001b859784d90]
Event: 1.343 Thread 0x000001b86ecc0000 nmethod 1788 0x000001b859789990 code [0x000001b859789d40, 0x000001b85978c420]
Event: 1.344 Thread 0x000001b86ecc0800 nmethod 1784 0x000001b85978d590 code [0x000001b85978dce0, 0x000001b859792ea0]
Event: 1.345 Thread 0x000001b86ecc1800 1789       4       java.lang.String::indexOf (7 bytes)
Event: 1.346 Thread 0x000001b86ecc2000 1790       3       java.lang.Character::getType (9 bytes)
Event: 1.346 Thread 0x000001b86ecc2000 nmethod 1790 0x000001b859774b90 code [0x000001b859774d00, 0x000001b859774f40]
Event: 1.346 Thread 0x000001b86ecc2000 1791       3       java.lang.CharacterDataLatin1::getType (11 bytes)
Event: 1.346 Thread 0x000001b86ecc2000 nmethod 1791 0x000001b859775c50 code [0x000001b859775dc0, 0x000001b859775fb8]
Event: 1.349 Thread 0x000001b86ecbf000 nmethod 1787% 0x000001b8597983d0 code [0x000001b859798560, 0x000001b8597992a8]

GC Heap History (0 events):
No events

Deoptimization events (10 events):
Event: 0.836 Thread 0x000001b857527800 Uncommon trap: reason=unstable_if action=reinterpret pc=0x000001b8595390d0 method=java.util.jar.Manifest$FastInputStream.readLine([BII)I @ 87
Event: 1.211 Thread 0x000001b857527800 Uncommon trap: reason=unstable_if action=reinterpret pc=0x000001b859519edc method=java.lang.CharacterDataLatin1.digit(II)I @ 82
Event: 1.211 Thread 0x000001b857527800 Uncommon trap: reason=unstable_if action=reinterpret pc=0x000001b859510b54 method=java.lang.CharacterDataLatin1.digit(II)I @ 82
Event: 1.219 Thread 0x000001b857527800 Uncommon trap: reason=unstable_if action=reinterpret pc=0x000001b8596850e4 method=java.util.Arrays.equals([B[B)Z @ 2
Event: 1.223 Thread 0x000001b857527800 Uncommon trap: reason=class_check action=maybe_recompile pc=0x000001b8595728fc method=java.util.regex.Pattern$Curly.match(Ljava/util/regex/Matcher;ILjava/lang/CharSequence;)Z @ 19
Event: 1.223 Thread 0x000001b857527800 Uncommon trap: reason=class_check action=maybe_recompile pc=0x000001b8595728fc method=java.util.regex.Pattern$Curly.match(Ljava/util/regex/Matcher;ILjava/lang/CharSequence;)Z @ 19
Event: 1.226 Thread 0x000001b857527800 Uncommon trap: reason=class_check action=maybe_recompile pc=0x000001b8595728fc method=java.util.regex.Pattern$Curly.match(Ljava/util/regex/Matcher;ILjava/lang/CharSequence;)Z @ 19
Event: 1.226 Thread 0x000001b857527800 Uncommon trap: reason=class_check action=maybe_recompile pc=0x000001b8595728fc method=java.util.regex.Pattern$Curly.match(Ljava/util/regex/Matcher;ILjava/lang/CharSequence;)Z @ 19
Event: 1.234 Thread 0x000001b857527800 Uncommon trap: reason=predicate action=maybe_recompile pc=0x000001b8596a61f0 method=java.lang.String.regionMatches(ZILjava/lang/String;II)Z @ 63
Event: 1.248 Thread 0x000001b857527800 Uncommon trap: reason=class_check action=maybe_recompile pc=0x000001b859672444 method=java.util.regex.Matcher.search(I)Z @ 86

Classes redefined (0 events):
No events

Internal exceptions (10 events):
Event: 1.072 Thread 0x000001b857527800 Exception <a 'java/lang/ClassNotFoundException': org/apache/cassandra/config/TransparentDataEncryptionOptionsCustomizer> (0x000000008731e190) thrown at [C:\jenkins\workspace\8-2-build-windows-amd64-cygwin\jdk8u261\295\hotspot\src\share\vm\classfile\system
Event: 1.073 Thread 0x000001b857527800 Exception <a 'java/lang/ClassNotFoundException': org/apache/cassandra/config/ReplicaFilteringProtectionOptionsBeanInfo> (0x0000000087335ee0) thrown at [C:\jenkins\workspace\8-2-build-windows-amd64-cygwin\jdk8u261\295\hotspot\src\share\vm\classfile\systemD
Event: 1.073 Thread 0x000001b857527800 Exception <a 'java/lang/ClassNotFoundException': org/apache/cassandra/config/ReplicaFilteringProtectionOptionsCustomizer> (0x0000000087347998) thrown at [C:\jenkins\workspace\8-2-build-windows-amd64-cygwin\jdk8u261\295\hotspot\src\share\vm\classfile\syste
Event: 1.092 Thread 0x000001b857527800 Exception <a 'sun/nio/fs/WindowsException'> (0x00000000873d4e78) thrown at [C:\jenkins\workspace\8-2-build-windows-amd64-cygwin\jdk8u261\295\hotspot\src\share\vm\prims\jni.cpp, line 710]
Event: 1.092 Thread 0x000001b857527800 Exception <a 'sun/nio/fs/WindowsException'> (0x00000000873d5a88) thrown at [C:\jenkins\workspace\8-2-build-windows-amd64-cygwin\jdk8u261\295\hotspot\src\share\vm\prims\jni.cpp, line 710]
Event: 1.093 Thread 0x000001b857527800 Exception <a 'sun/nio/fs/WindowsException'> (0x00000000873e85c0) thrown at [C:\jenkins\workspace\8-2-build-windows-amd64-cygwin\jdk8u261\295\hotspot\src\share\vm\prims\jni.cpp, line 710]
Event: 1.093 Thread 0x000001b857527800 Exception <a 'sun/nio/fs/WindowsException'> (0x00000000873e8b30) thrown at [C:\jenkins\workspace\8-2-build-windows-amd64-cygwin\jdk8u261\295\hotspot\src\share\vm\prims\jni.cpp, line 710]
Event: 1.093 Thread 0x000001b857527800 Exception <a 'sun/nio/fs/WindowsException'> (0x00000000873e9a78) thrown at [C:\jenkins\workspace\8-2-build-windows-amd64-cygwin\jdk8u261\295\hotspot\src\share\vm\prims\jni.cpp, line 710]
Event: 1.093 Thread 0x000001b857527800 Exception <a 'sun/nio/fs/WindowsException'> (0x00000000873e9fe8) thrown at [C:\jenkins\workspace\8-2-build-windows-amd64-cygwin\jdk8u261\295\hotspot\src\share\vm\prims\jni.cpp, line 710]
Event: 1.295 Thread 0x000001b857527800 Exception <a 'java/lang/ClassNotFoundException': javax/management/remote/rmi/RMIServerImpl_Skel> (0x0000000088dc14b0) thrown at [C:\jenkins\workspace\8-2-build-windows-amd64-cygwin\jdk8u261\295\hotspot\src\share\vm\classfile\systemDictionary.cpp, line 210

Events (10 events):
Event: 1.348 loading class com/google/common/collect/HashMultimap
Event: 1.348 loading class com/google/common/collect/HashMultimap done
Event: 1.349 loading class org/hyperic/sigar/FileSystemMap
Event: 1.349 loading class org/hyperic/sigar/FileSystemMap done
Event: 1.349 loading class com/google/common/collect/ImmutableMultimap
Event: 1.349 loading class com/google/common/collect/ImmutableMultimap done
Event: 1.349 loading class org/hyperic/sigar/FileSystem
Event: 1.349 loading class org/hyperic/sigar/FileSystem done
Event: 1.349 loading class com/google/common/collect/ImmutableListMultimap
Event: 1.349 loading class com/google/common/collect/ImmutableListMultimap done


Dynamic libraries:
0x00007ff6269a0000 - 0x00007ff6269e7000 	C:\Program Files\Java\jdk1.8.0_261\bin\java.exe
0x00007ff8387d0000 - 0x00007ff8389c6000 	C:\WINDOWS\SYSTEM32\ntdll.dll
0x00007ff836c20000 - 0x00007ff836cdd000 	C:\WINDOWS\System32\KERNEL32.DLL
0x00007ff836180000 - 0x00007ff836449000 	C:\WINDOWS\System32\KERNELBASE.dll
0x00007ff8380b0000 - 0x00007ff83815c000 	C:\WINDOWS\System32\ADVAPI32.dll
0x00007ff8368e0000 - 0x00007ff83697e000 	C:\WINDOWS\System32\msvcrt.dll
0x00007ff836980000 - 0x00007ff836a1c000 	C:\WINDOWS\System32\sechost.dll
0x00007ff838550000 - 0x00007ff83867b000 	C:\WINDOWS\System32\RPCRT4.dll
0x00007ff838160000 - 0x00007ff838300000 	C:\WINDOWS\System32\USER32.dll
0x00007ff836760000 - 0x00007ff836782000 	C:\WINDOWS\System32\win32u.dll
0x00007ff837ad0000 - 0x00007ff837afa000 	C:\WINDOWS\System32\GDI32.dll
0x00007ff836070000 - 0x00007ff83617b000 	C:\WINDOWS\System32\gdi32full.dll
0x00007ff836790000 - 0x00007ff83682d000 	C:\WINDOWS\System32\msvcp_win.dll
0x00007ff836500000 - 0x00007ff836600000 	C:\WINDOWS\System32\ucrtbase.dll
0x00007ff81ed40000 - 0x00007ff81efdb000 	C:\WINDOWS\WinSxS\amd64_microsoft.windows.common-controls_6595b64144ccf1df_6.0.19041.746_none_ca02b4b61b8320a4\COMCTL32.dll
0x00007ff837aa0000 - 0x00007ff837ad0000 	C:\WINDOWS\System32\IMM32.DLL
0x00007ff808470000 - 0x00007ff808485000 	C:\Program Files\Java\jdk1.8.0_261\jre\bin\vcruntime140.dll
0x00007ffffaf70000 - 0x00007ffffb00b000 	C:\Program Files\Java\jdk1.8.0_261\jre\bin\msvcp140.dll
0x000000006cb20000 - 0x000000006d38c000 	C:\Program Files\Java\jdk1.8.0_261\jre\bin\server\jvm.dll
0x00007ff837640000 - 0x00007ff837648000 	C:\WINDOWS\System32\PSAPI.DLL
0x00007ff802370000 - 0x00007ff802379000 	C:\WINDOWS\SYSTEM32\WSOCK32.dll
0x00007ff8268e0000 - 0x00007ff826907000 	C:\WINDOWS\SYSTEM32\WINMM.dll
0x00007ff830ba0000 - 0x00007ff830baa000 	C:\WINDOWS\SYSTEM32\VERSION.dll
0x00007ff838300000 - 0x00007ff83836b000 	C:\WINDOWS\System32\WS2_32.dll
0x00007ff833e40000 - 0x00007ff833e52000 	C:\WINDOWS\SYSTEM32\kernel.appcore.dll
0x00007ff818800000 - 0x00007ff818810000 	C:\Program Files\Java\jdk1.8.0_261\jre\bin\verify.dll
0x00007ff804eb0000 - 0x00007ff804edb000 	C:\Program Files\Java\jdk1.8.0_261\jre\bin\java.dll
0x00007ff8008b0000 - 0x00007ff8008e2000 	C:\Program Files\Java\jdk1.8.0_261\jre\bin\instrument.dll
0x00007ff807ca0000 - 0x00007ff807cb8000 	C:\Program Files\Java\jdk1.8.0_261\jre\bin\zip.dll
0x00007ff836ef0000 - 0x00007ff837632000 	C:\WINDOWS\System32\SHELL32.dll
0x00007ff834040000 - 0x00007ff8347d0000 	C:\WINDOWS\SYSTEM32\windows.storage.dll
0x00007ff837650000 - 0x00007ff8379a6000 	C:\WINDOWS\System32\combase.dll
0x00007ff835970000 - 0x00007ff83599c000 	C:\WINDOWS\SYSTEM32\Wldp.dll
0x00007ff8386e0000 - 0x00007ff83878e000 	C:\WINDOWS\System32\SHCORE.dll
0x00007ff837b00000 - 0x00007ff837b55000 	C:\WINDOWS\System32\shlwapi.dll
0x00007ff835e40000 - 0x00007ff835e66000 	C:\WINDOWS\SYSTEM32\profapi.dll
0x00007ff804510000 - 0x00007ff80452c000 	C:\Program Files\Java\jdk1.8.0_261\jre\bin\net.dll
0x00007ff8356d0000 - 0x00007ff83573a000 	C:\WINDOWS\system32\mswsock.dll
0x00007ff81f130000 - 0x00007ff81f147000 	C:\WINDOWS\system32\napinsp.dll
0x00007ff81e010000 - 0x00007ff81e02b000 	C:\WINDOWS\system32\pnrpnsp.dll
0x00007ff8314b0000 - 0x00007ff8314c5000 	C:\WINDOWS\system32\wshbth.dll
0x00007ff830530000 - 0x00007ff83054d000 	C:\WINDOWS\system32\NLAapi.dll
0x00007ff835360000 - 0x00007ff83539b000 	C:\WINDOWS\SYSTEM32\IPHLPAPI.DLL
0x00007ff8353a0000 - 0x00007ff83546b000 	C:\WINDOWS\SYSTEM32\DNSAPI.dll
0x00007ff837a80000 - 0x00007ff837a88000 	C:\WINDOWS\System32\NSI.dll
0x00007ff81c940000 - 0x00007ff81c952000 	C:\WINDOWS\System32\winrnr.dll
0x00007ff8306b0000 - 0x00007ff8306ba000 	C:\Windows\System32\rasadhlp.dll
0x00007ff82de60000 - 0x00007ff82dedf000 	C:\WINDOWS\System32\fwpuclnt.dll
0x00007ff836680000 - 0x00007ff8366a7000 	C:\WINDOWS\System32\bcrypt.dll
0x00007ff8185e0000 - 0x00007ff8185ed000 	C:\Program Files\Java\jdk1.8.0_261\jre\bin\management.dll
0x00007ff8043b0000 - 0x00007ff8043c3000 	C:\Program Files\Java\jdk1.8.0_261\jre\bin\nio.dll
0x00007ff800810000 - 0x00007ff800834000 	C:\Program Files\Java\jdk1.8.0_261\jre\bin\sunec.dll
0x00007ff8305f0000 - 0x00007ff830607000 	C:\WINDOWS\SYSTEM32\dhcpcsvc6.DLL
0x00007ff830550000 - 0x00007ff83056d000 	C:\WINDOWS\SYSTEM32\dhcpcsvc.DLL
0x00007ff8358d0000 - 0x00007ff8358e8000 	C:\WINDOWS\SYSTEM32\CRYPTSP.dll
0x00007ff834fe0000 - 0x00007ff835014000 	C:\WINDOWS\system32\rsaenh.dll
0x00007ff835e00000 - 0x00007ff835e2e000 	C:\WINDOWS\SYSTEM32\USERENV.dll
0x00007ff836600000 - 0x00007ff836680000 	C:\WINDOWS\System32\bcryptprimitives.dll
0x00007ff8358c0000 - 0x00007ff8358cc000 	C:\WINDOWS\SYSTEM32\CRYPTBASE.dll
0x0000000066f40000 - 0x0000000066f6d000 	C:\Users\neilt\AppData\Local\Temp\liblz4-java6488953475958090896.so
0x00007ffffffc0000 - 0x00007ffffffe5000 	C:\Users\neilt\AppData\Local\Temp\jna-104700570\jna6943007361653337370.dll
0x000000006ca40000 - 0x000000006cb12000 	C:\WINDOWS\SYSTEM32\MSVCR100.dll
0x0000000010000000 - 0x0000000010070000 	C:\Users\neilt\Downloads\apache-cassandra-3.11.10\lib\sigar-bin\sigar-amd64-winnt.dll
0x00007ff838390000 - 0x00007ff8384ba000 	C:\WINDOWS\System32\ole32.dll
0x00007ff8379b0000 - 0x00007ff837a7d000 	C:\WINDOWS\System32\OLEAUT32.dll
0x00007ff826920000 - 0x00007ff826938000 	C:\WINDOWS\SYSTEM32\NETAPI32.dll
0x00007ff826890000 - 0x00007ff8268d9000 	C:\WINDOWS\SYSTEM32\pdh.dll
0x00007ff835470000 - 0x00007ff83547c000 	C:\WINDOWS\SYSTEM32\NETUTILS.DLL
0x00007ff81b110000 - 0x00007ff81b138000 	C:\WINDOWS\SYSTEM32\SRVCLI.DLL
0x00007ff82f8e0000 - 0x00007ff82fac4000 	C:\WINDOWS\SYSTEM32\dbghelp.dll

VM Arguments:
jvm_args: -ea -javaagent:C:\Users\neilt\Downloads\apache-cassandra-3.11.10\lib\jamm-0.3.0.jar -Xms2G -Xmx2G -XX:+HeapDumpOnOutOfMemoryError -XX:+UseParNewGC -XX:+UseConcMarkSweepGC -XX:+CMSParallelRemarkEnabled -XX:SurvivorRatio=8 -XX:MaxTenuringThreshold=1 -XX:CMSInitiatingOccupancyFraction=75 -XX:+UseCMSInitiatingOccupancyOnly -Dlogback.configurationFile=logback.xml -Djava.library.path=C:\Users\neilt\Downloads\apache-cassandra-3.11.10\lib\sigar-bin -Dcassandra.jmx.local.port=7199 -Dcassandra -Dcassandra-foreground=yes -Dcassandra.logdir=C:\Users\neilt\Downloads\apache-cassandra-3.11.10\logs -Dcassandra.storagedir=C:\Users\neilt\Downloads\apache-cassandra-3.11.10\data 
java_command: org.apache.cassandra.service.CassandraDaemon
java_class_path (initial): C:\Users\neilt\Downloads\apache-cassandra-3.11.10\conf;C:\Users\neilt\Downloads\apache-cassandra-3.11.10\lib\airline-0.6.jar;C:\Users\neilt\Downloads\apache-cassandra-3.11.10\lib\antlr-runtime-3.5.2.jar;C:\Users\neilt\Downloads\apache-cassandra-3.11.10\lib\apache-cassandra-3.11.10.jar;C:\Users\neilt\Downloads\apache-cassandra-3.11.10\lib\apache-cassandra-thrift-3.11.10.jar;C:\Users\neilt\Downloads\apache-cassandra-3.11.10\lib\asm-5.0.4.jar;C:\Users\neilt\Downloads\apache-cassandra-3.11.10\lib\caffeine-2.2.6.jar;C:\Users\neilt\Downloads\apache-cassandra-3.11.10\lib\cassandra-driver-core-3.0.1-shaded.jar;C:\Users\neilt\Downloads\apache-cassandra-3.11.10\lib\commons-cli-1.1.jar;C:\Users\neilt\Downloads\apache-cassandra-3.11.10\lib\commons-codec-1.9.jar;C:\Users\neilt\Downloads\apache-cassandra-3.11.10\lib\commons-lang3-3.1.jar;C:\Users\neilt\Downloads\apache-cassandra-3.11.10\lib\commons-math3-3.2.jar;C:\Users\neilt\Downloads\apache-cassandra-3.11.10\lib\compress-lzf-0.8.4.jar;C:\Users\neilt\Downloads\apache-cassandra-3.11.10\lib\concurrent-trees-2.4.0.jar;C:\Users\neilt\Downloads\apache-cassandra-3.11.10\lib\concurrentlinkedhashmap-lru-1.4.jar;C:\Users\neilt\Downloads\apache-cassandra-3.11.10\lib\disruptor-3.0.1.jar;C:\Users\neilt\Downloads\apache-cassandra-3.11.10\lib\ecj-4.4.2.jar;C:\Users\neilt\Downloads\apache-cassandra-3.11.10\lib\guava-18.0.jar;C:\Users\neilt\Downloads\apache-cassandra-3.11.10\lib\HdrHistogram-2.1.9.jar;C:\Users\neilt\Downloads\apache-cassandra-3.11.10\lib\high-scale-lib-1.0.6.jar;C:\Users\neilt\Downloads\apache-cassandra-3.11.10\lib\hppc-0.5.4.jar;C:\Users\neilt\Downloads\apache-cassandra-3.11.10\lib\jackson-annotations-2.9.10.jar;C:\Users\neilt\Downloads\apache-cassandra-3.11.10\lib\jackson-core-2.9.10.jar;C:\Users\neilt\Downloads\apache-cassandra-3.11.10\lib\jackson-databind-2.9.10.4.jar;C:\Users\neilt\Downloads\apache-cassandra-3.11.10\lib\jamm-0.3.0.jar;C:\Users\neilt\Downloads\apache-cassandra-3.11.10\lib\javax
Launcher Type: SUN_STANDARD

Environment Variables:
JAVA_HOME=C:\Program Files\Java\jdk1.8.0_261
PATH=C:\Python27\Scripts\;C:\Python27\;C:\Program Files (x86)\Common Files\Oracle\Java\javapath;C:\Windows\system32;C:\Windows;C:\Windows\System32\Wbem;C:\Windows\System32\WindowsPowerShell\v1.0\;C:\Windows\System32\OpenSSH\;C:\Program Files (x86)\NVIDIA Corporation\PhysX\Common;C:\Program Files\NVIDIA Corporation\NVIDIA NvDLISR;C:\Program Files\Git\cmd;C:\WINDOWS\system32;C:\WINDOWS;C:\WINDOWS\System32\Wbem;C:\WINDOWS\System32\WindowsPowerShell\v1.0\;C:\WINDOWS\System32\OpenSSH\;C:\Program Files\nodejs\;C:\ProgramData\chocolatey\bin;C:\Program Files\Calibre2\;C:\Users\neilt\Downloads\apache-cassandra-3.11.10;C:\Users\neilt\AppData\Local\Microsoft\WindowsApps;C:\Users\neilt\AppData\Local\Programs\Microsoft VS Code\bin;C:\Program Files\MongoDB\Server\4.2\bin;C:\Users\neilt\AppData\Roaming\npm
USERNAME=neilt
OS=Windows_NT
PROCESSOR_IDENTIFIER=Intel64 Family 6 Model 158 Stepping 13, GenuineIntel



---------------  S Y S T E M  ---------------

OS: Windows 10.0 , 64 bit Build 19041 (10.0.19041.804)

CPU:total 16 (initial active 16) (8 cores per cpu, 2 threads per core) family 6 model 158 stepping 13, cmov, cx8, fxsr, mmx, sse, sse2, sse3, ssse3, sse4.1, sse4.2, popcnt, avx, avx2, aes, clmul, erms, 3dnowpref, lzcnt, ht, tsc, tscinvbit, bmi1, bmi2, adx

Memory: 4k page, physical 33373608k(11846196k free), swap 88709516k(9357480k free)

vm_info: Java HotSpot(TM) 64-Bit Server VM (25.261-b12) for windows-amd64 JRE (1.8.0_261-b12), built on Jun 18 2020 06:56:32 by "" with unknown MS VC++:1916

time: Wed Feb 24 10:55:49 2021
timezone: Eastern Standard Time
elapsed time: 1 seconds (0d 0h 0m 1s)

